<?xml version="1.0" encoding="UTF-8"?>
<!-- Generated by org.testng.reporters.JUnitXMLReporter -->
<testsuite hostname="MainPc" ignored="0" name="Default test" tests="7" failures="0" timestamp="30 Dec 2016 10:42:14 GMT" time="3.082" errors="0">
  <testcase name="Test_01_Get_Weather_By_Country_And_CityName_With_An_InValidToken_ExpectedResponse_401" time="1.782" classname="APITesting.com.org.api.WeatherAPITestCases"/>
  <testcase name="Test_01_Get_Weather_By_Country_And_CityName_With_ValidToken_ExpectedResponseCode_200" time="0.25" classname="APITesting.com.org.api.WeatherAPITestCases"/>
  <testcase name="Test_03_Get_Weather_By_Country_And_CityName_With_ValidToken_ExpectedResponseCode_200" time="0.208" classname="APITesting.com.org.api.WeatherAPITestCases"/>
  <testcase name="Test_04_Get_Weather_By_Country_And_CityName_With_ValidToken_ExpectedResponseCode_200" time="0.237" classname="APITesting.com.org.api.WeatherAPITestCases"/>
  <testcase name="Test_05_Get_Weather_By_Country_And_CityName_With_InValidToken_ExpectedResponseCode_401" time="0.178" classname="APITesting.com.org.api.WeatherAPITestCases"/>
  <testcase name="Test_06_Get_Weather_By_Country_And_CityName_With_ValidToken_And_GetResponse" time="0.172" classname="APITesting.com.org.api.WeatherAPITestCases"/>
  <testcase name="Test_07_Get_Weather_By_CityID_With_ValidToken_And_GetResponse" time="0.231" classname="APITesting.com.org.api.WeatherAPITestCases"/>
</testsuite> <!-- Default test -->
