<?xml version="1.0" encoding="UTF-8"?>
<testng-results skipped="0" failed="0" ignored="0" total="0" passed="0">
  <reporter-output>
  </reporter-output>
  <suite name="APITesting.com.org.api.TestRunnerTest" duration-ms="2" started-at="2016-12-30T14:45:22Z" finished-at="2016-12-30T14:45:22Z">
    <groups>
    </groups>
    <test name="Command line test" duration-ms="2" started-at="2016-12-30T14:45:22Z" finished-at="2016-12-30T14:45:22Z">
    </test> <!-- Command line test -->
  </suite> <!-- APITesting.com.org.api.TestRunnerTest -->
</testng-results>
